<?xml version="1.0" encoding="UTF-8"?>
<!-- Generated by org.testng.reporters.JUnitXMLReporter -->
<testsuite ignored="0" hostname="LIN24011000" failures="2" tests="10" name="Test" time="153.177" errors="0" timestamp="2022-03-21T19:49:16 IST">
  <testcase classname="com.runner.apolloRunner" name="Scenario" time="6.549"/>
  <testcase classname="com.runner.apolloRunner" name="Scenario" time="9.242"/>
  <testcase classname="com.runner.apolloRunner" name="Scenario" time="9.163"/>
  <testcase classname="com.runner.apolloRunner" name="Scenario" time="11.427"/>
  <testcase classname="com.runner.apolloRunner" name="Scenario" time="12.836"/>
  <testcase classname="com.runner.apolloRunner" name="Scenario" time="17.459"/>
  <testcase classname="com.runner.apolloRunner" name="Scenario" time="20.123"/>
  <testcase classname="com.runner.apolloRunner" name="Scenario" time="25.027">
    <failure type="java.lang.AssertionError" message="expected [true] but found [false]">
      <![CDATA[java.lang.AssertionError: expected [true] but found [false]
at com.stepdefinition.redirectionTest.user_is_navigated_to_user_profile(redirectionTest.java:342)
at ✽.user is navigated to user profile(file:///C:/Users/avadlamo/eclipse-workspace/sprint2/Features/login.feature:31)
... Removed 4 stack frames]]>
    </failure>
  </testcase> <!-- Scenario -->
  <testcase classname="com.runner.apolloRunner" name="Scenario" time="10.759">
    <failure type="org.openqa.selenium.NoSuchElementException" message="no such element: Unable to locate element: {&amp;quot;method&amp;quot;:&amp;quot;xpath&amp;quot;,&amp;quot;selector&amp;quot;:&amp;quot;/html/body/div[3]/div[3]/div/div/div/form/div[2]/button/span[1]/span&amp;quot;}
  (Session info: chrome=99.0.4844.82)
For documentation on this error, please visit: https://selenium.dev/exceptions/#no_such_element
Build info: version: &amp;apos;4.1.2&amp;apos;, revision: &amp;apos;9a5a329c5a&amp;apos;
System info: host: &amp;apos;LIN24011000&amp;apos;, ip: &amp;apos;192.168.45.244&amp;apos;, os.name: &amp;apos;Windows 10&amp;apos;, os.arch: &amp;apos;amd64&amp;apos;, os.version: &amp;apos;10.0&amp;apos;, java.version: &amp;apos;17.0.2&amp;apos;
Driver info: org.openqa.selenium.chrome.ChromeDriver
Command: [aac1824de0c1b8821625ca49f1d52922, findElement {using=xpath, value=/html/body/div[3]/div[3]/div/div/div/form/div[2]/button/span[1]/span}]
Capabilities {acceptInsecureCerts: false, browserName: chrome, browserVersion: 99.0.4844.82, chrome: {chromedriverVersion: 98.0.4758.102 (273bf7ac8c90..., userDataDir: C:\Users\avadlamo\AppData\L...}, goog:chromeOptions: {debuggerAddress: localhost:63719}, javascriptEnabled: true, networkConnectionEnabled: false, pageLoadStrategy: normal, platform: WINDOWS, platformName: WINDOWS, proxy: Proxy(), se:cdp: ws://localhost:63719/devtoo..., se:cdpVersion: 99.0.4844.82, setWindowRect: true, strictFileInteractability: false, timeouts: {implicit: 0, pageLoad: 300000, script: 30000}, unhandledPromptBehavior: dismiss and notify, webauthn:extension:credBlob: true, webauthn:extension:largeBlob: true, webauthn:virtualAuthenticators: true}
Session ID: aac1824de0c1b8821625ca49f1d52922">
      <![CDATA[org.openqa.selenium.NoSuchElementException: no such element: Unable to locate element: {"method":"xpath","selector":"/html/body/div[3]/div[3]/div/div/div/form/div[2]/button/span[1]/span"}
  (Session info: chrome=99.0.4844.82)
For documentation on this error, please visit: https://selenium.dev/exceptions/#no_such_element
Build info: version: '4.1.2', revision: '9a5a329c5a'
System info: host: 'LIN24011000', ip: '192.168.45.244', os.name: 'Windows 10', os.arch: 'amd64', os.version: '10.0', java.version: '17.0.2'
Driver info: org.openqa.selenium.chrome.ChromeDriver
Command: [aac1824de0c1b8821625ca49f1d52922, findElement {using=xpath, value=/html/body/div[3]/div[3]/div/div/div/form/div[2]/button/span[1]/span}]
Capabilities {acceptInsecureCerts: false, browserName: chrome, browserVersion: 99.0.4844.82, chrome: {chromedriverVersion: 98.0.4758.102 (273bf7ac8c90..., userDataDir: C:\Users\avadlamo\AppData\L...}, goog:chromeOptions: {debuggerAddress: localhost:63719}, javascriptEnabled: true, networkConnectionEnabled: false, pageLoadStrategy: normal, platform: WINDOWS, platformName: WINDOWS, proxy: Proxy(), se:cdp: ws://localhost:63719/devtoo..., se:cdpVersion: 99.0.4844.82, setWindowRect: true, strictFileInteractability: false, timeouts: {implicit: 0, pageLoad: 300000, script: 30000}, unhandledPromptBehavior: dismiss and notify, webauthn:extension:credBlob: true, webauthn:extension:largeBlob: true, webauthn:virtualAuthenticators: true}
Session ID: aac1824de0c1b8821625ca49f1d52922
at org.openqa.selenium.remote.codec.w3c.W3CHttpResponseCodec.createException(W3CHttpResponseCodec.java:200)
at org.openqa.selenium.remote.codec.w3c.W3CHttpResponseCodec.decode(W3CHttpResponseCodec.java:133)
at org.openqa.selenium.remote.codec.w3c.W3CHttpResponseCodec.decode(W3CHttpResponseCodec.java:53)
at org.openqa.selenium.remote.HttpCommandExecutor.execute(HttpCommandExecutor.java:184)
at org.openqa.selenium.remote.service.DriverCommandExecutor.invokeExecute(DriverCommandExecutor.java:167)
at org.openqa.selenium.remote.service.DriverCommandExecutor.execute(DriverCommandExecutor.java:142)
at org.openqa.selenium.remote.RemoteWebDriver.execute(RemoteWebDriver.java:558)
at org.openqa.selenium.remote.ElementLocation$ElementFinder$2.findElement(ElementLocation.java:162)
at org.openqa.selenium.remote.ElementLocation.findElement(ElementLocation.java:60)
at org.openqa.selenium.remote.RemoteWebDriver.findElement(RemoteWebDriver.java:382)
at org.openqa.selenium.remote.RemoteWebDriver.findElement(RemoteWebDriver.java:374)
at com.stepdefinition.redirectionTest.user_is_not_able_click_on_get_otp_button(redirectionTest.java:375)
at ✽.user is not able click on get OTP button(file:///C:/Users/avadlamo/eclipse-workspace/sprint2/Features/login.feature:38)
... Removed 5 stack frames]]>
    </failure>
  </testcase> <!-- Scenario -->
  <testcase classname="com.runner.apolloRunner" name="Scenario" time="29.955"/>
</testsuite> <!-- Test -->
