<?xml version="1.0" encoding="UTF-8" standalone="no"?>
<testsuite errors="0" failures="1" name="io.cucumber.core.plugin.JUnitFormatter" skipped="0" tests="8" time="52.1">
    <testcase classname="Order Medicines" name="Invalid length of input less than lowerbound." time="15.14">
        <failure message="no such element: Unable to locate element: {&quot;method&quot;:&quot;xpath&quot;,&quot;selector&quot;:&quot;/html/body/div[9]/div[3]/div/div/div[1]/div/input&quot;}&#10;  (Session info: chrome=99.0.4844.51)&#10;For documentation on this error, please visit: https://selenium.dev/exceptions/#no_such_element&#10;Build info: version: '4.1.1', revision: 'e8fcc2cecf'&#10;System info: host: 'INLEN8520029330', ip: '192.168.29.144', os.name: 'Windows 10', os.arch: 'amd64', os.version: '10.0', java.version: '17.0.2'&#10;Driver info: org.openqa.selenium.chrome.ChromeDriver&#10;Command: [ff93cd1a43fdbdeefaca60994c9ba851, findElement {using=xpath, value=/html/body/div[9]/div[3]/div/div/div[1]/div/input}]&#10;Capabilities {acceptInsecureCerts: false, browserName: chrome, browserVersion: 99.0.4844.51, chrome: {chromedriverVersion: 98.0.4758.102 (273bf7ac8c90..., userDataDir: C:\Users\adprasad\AppData\L...}, goog:chromeOptions: {debuggerAddress: localhost:53853}, javascriptEnabled: true, networkConnectionEnabled: false, pageLoadStrategy: normal, platform: WINDOWS, platformName: WINDOWS, proxy: Proxy(), se:cdp: ws://localhost:53853/devtoo..., se:cdpVersion: 99.0.4844.51, setWindowRect: true, strictFileInteractability: false, timeouts: {implicit: 0, pageLoad: 300000, script: 30000}, unhandledPromptBehavior: dismiss and notify, webauthn:extension:credBlob: true, webauthn:extension:largeBlob: true, webauthn:virtualAuthenticators: true}&#10;Session ID: ff93cd1a43fdbdeefaca60994c9ba851" type="org.openqa.selenium.NoSuchElementException"><![CDATA[Given home page opened......................................................passed
And user enters the medicine details........................................passed
When user enters pincode of length less than six digits.....................failed
Then error message displayed................................................skipped

StackTrace:
org.openqa.selenium.NoSuchElementException: no such element: Unable to locate element: {"method":"xpath","selector":"/html/body/div[9]/div[3]/div/div/div[1]/div/input"}
  (Session info: chrome=99.0.4844.51)
For documentation on this error, please visit: https://selenium.dev/exceptions/#no_such_element
Build info: version: '4.1.1', revision: 'e8fcc2cecf'
System info: host: 'INLEN8520029330', ip: '192.168.29.144', os.name: 'Windows 10', os.arch: 'amd64', os.version: '10.0', java.version: '17.0.2'
Driver info: org.openqa.selenium.chrome.ChromeDriver
Command: [ff93cd1a43fdbdeefaca60994c9ba851, findElement {using=xpath, value=/html/body/div[9]/div[3]/div/div/div[1]/div/input}]
Capabilities {acceptInsecureCerts: false, browserName: chrome, browserVersion: 99.0.4844.51, chrome: {chromedriverVersion: 98.0.4758.102 (273bf7ac8c90..., userDataDir: C:\Users\adprasad\AppData\L...}, goog:chromeOptions: {debuggerAddress: localhost:53853}, javascriptEnabled: true, networkConnectionEnabled: false, pageLoadStrategy: normal, platform: WINDOWS, platformName: WINDOWS, proxy: Proxy(), se:cdp: ws://localhost:53853/devtoo..., se:cdpVersion: 99.0.4844.51, setWindowRect: true, strictFileInteractability: false, timeouts: {implicit: 0, pageLoad: 300000, script: 30000}, unhandledPromptBehavior: dismiss and notify, webauthn:extension:credBlob: true, webauthn:extension:largeBlob: true, webauthn:virtualAuthenticators: true}
Session ID: ff93cd1a43fdbdeefaca60994c9ba851
	at java.base/jdk.internal.reflect.NativeConstructorAccessorImpl.newInstance0(Native Method)
	at java.base/jdk.internal.reflect.NativeConstructorAccessorImpl.newInstance(NativeConstructorAccessorImpl.java:77)
	at java.base/jdk.internal.reflect.DelegatingConstructorAccessorImpl.newInstance(DelegatingConstructorAccessorImpl.java:45)
	at java.base/java.lang.reflect.Constructor.newInstanceWithCaller(Constructor.java:499)
	at java.base/java.lang.reflect.Constructor.newInstance(Constructor.java:480)
	at org.openqa.selenium.remote.codec.w3c.W3CHttpResponseCodec.createException(W3CHttpResponseCodec.java:200)
	at org.openqa.selenium.remote.codec.w3c.W3CHttpResponseCodec.decode(W3CHttpResponseCodec.java:133)
	at org.openqa.selenium.remote.codec.w3c.W3CHttpResponseCodec.decode(W3CHttpResponseCodec.java:53)
	at org.openqa.selenium.remote.HttpCommandExecutor.execute(HttpCommandExecutor.java:184)
	at org.openqa.selenium.remote.service.DriverCommandExecutor.invokeExecute(DriverCommandExecutor.java:167)
	at org.openqa.selenium.remote.service.DriverCommandExecutor.execute(DriverCommandExecutor.java:142)
	at org.openqa.selenium.remote.RemoteWebDriver.execute(RemoteWebDriver.java:543)
	at org.openqa.selenium.remote.ElementLocation$ElementFinder$2.findElement(ElementLocation.java:162)
	at org.openqa.selenium.remote.ElementLocation.findElement(ElementLocation.java:60)
	at org.openqa.selenium.remote.RemoteWebDriver.findElement(RemoteWebDriver.java:367)
	at org.openqa.selenium.remote.RemoteWebDriver.findElement(RemoteWebDriver.java:359)
	at com.stepdefination.MedicineBook.user_enters_pincode_of_length_less_than_six_digits(MedicineBook.java:126)
	at âœ½.user enters pincode of length less than six digits(file:///C:/Users/adprasad/eclipse-workspace/Sprint2/Features/AddressDetails.feature:26)
]]></failure>
    </testcase>
    <testcase classname="Order Medicines" name="Invalid length of input less than upperbound." time="0.002">
        <system-out><![CDATA[Given homepage is opened....................................................passed
And user enters the cart details............................................passed
When user enters pincode of length greater than six digits..................passed
Then error is displayed.....................................................passed
]]></system-out>
    </testcase>
    <testcase classname="Order Medicines" name="Pincode input is unavailable to service in that area" time="0.001">
        <system-out><![CDATA[Given user is in chorme website.............................................passed
And user enters the order details...........................................passed
When user enters unavailable pincode services on address form...............passed
Then error displayed........................................................passed
]]></system-out>
    </testcase>
    <testcase classname="Order Medicines" name="Valid entry of pincode" time="0.006">
        <system-out><![CDATA[Given user is logged-in in the website......................................passed
And user enters the details of medicine.....................................passed
When user enters valid pincode length on address form.......................passed
Then the address details is saved...........................................passed
]]></system-out>
    </testcase>
    <testcase classname="Book Medicines" name="Check login is successful with valid credentials" time="24.26">
        <system-out><![CDATA[Given homepage is open......................................................passed
When user enters phone number...............................................passed
Then sucessful login........................................................passed
]]></system-out>
    </testcase>
    <testcase classname="Book Medicines" name="Adding multiple medicine to Cart" time="12.436">
        <system-out><![CDATA[Given user is in homepage...................................................passed
And user is on Pharmacy page................................................passed
And user selects a Category.................................................passed
When user clicks on Add to Cart.............................................passed
Then products are added to the Cart.........................................passed
]]></system-out>
    </testcase>
    <testcase classname="Book Medicines" name="Remove medicine to Cart" time="0.001">
        <system-out><![CDATA[Given website is open.......................................................passed
When user clicks on Remove from Cart in cart................................passed
Then product is removed from the Cart.......................................passed
]]></system-out>
    </testcase>
    <testcase classname="Book Medicines" name="Updation of medicine quantity" time="0.002">
        <system-out><![CDATA[Given user is in the website................................................passed
When user increments or decrements items in cart............................passed
Then number of items in cart is altered.....................................passed
]]></system-out>
    </testcase>
</testsuite>
