[{"line":20,"elements":[{"start_timestamp":"2022-03-23T05:24:23.354Z","line":23,"name":"Validate appearance of valid tests","description":"","id":"book-test;validate-appearance-of-valid-tests","type":"scenario","keyword":"Scenario","steps":[{"result":{"duration":7142055200,"status":"passed"},"line":24,"name":"Website is accessible","match":{"location":"com.stepdefinition.labtest.website_is_accessible()"},"keyword":"Given "},{"result":{"duration":66821900,"status":"passed"},"line":25,"name":"User can access Lab Test Page","match":{"location":"com.stepdefinition.labtest.user_can_access_lab_test_page()"},"keyword":"And "},{"result":{"error_message":"org.junit.ComparisonFailure: expected:<...//www.apollo247.com/[lab-tests]> but was:<...//www.apollo247.com/[]>\r\n\tat org.junit.Assert.assertEquals(Assert.java:115)\r\n\tat org.junit.Assert.assertEquals(Assert.java:144)\r\n\tat com.stepdefinition.labtest.valid_lab_tests_appear(labtest.java:33)\r\n\tat ✽.Valid Lab Tests appear(file:///C:/Users/royab/eclipse-workspace/Sprint_2/Features/BookTest.feature:26)\r\n","duration":19325900,"status":"failed"},"line":26,"name":"Valid Lab Tests appear","match":{"location":"com.stepdefinition.labtest.valid_lab_tests_appear()"},"keyword":"Then "}],"tags":[{"name":"@tag"},{"name":"@tag1"}]},{"start_timestamp":"2022-03-23T05:24:30.679Z","line":29,"name":"Validate addition of test to cart","description":"","id":"book-test;validate-addition-of-test-to-cart","type":"scenario","keyword":"Scenario","steps":[{"result":{"error_message":"org.openqa.selenium.ElementClickInterceptedException: element click intercepted: Element <button id=\"wzrk-cancel\" class=\"No thanks\">...</button> is not clickable at point (744, 464). Other element would receive the click: <iframe scrolling=\"no\" id=\"wiz-iframe-intent\" style=\"z-index: 2147483647; display:block; height: 100% !important; width: 100% !important;min-height:80px !important;border:0px !important; border-color:none !important;\"></iframe>\n  (Session info: chrome=99.0.4844.82)\nBuild info: version: '4.1.2', revision: '9a5a329c5a'\nSystem info: host: 'DESKTOP-G2E4LVH', ip: '192.168.29.59', os.name: 'Windows 10', os.arch: 'amd64', os.version: '10.0', java.version: '11.0.13'\nDriver info: org.openqa.selenium.chrome.ChromeDriver\nCommand: [ae4f49e9f33d58517864efc81d198f0b, clickElement {id=253a009a-4179-44d5-aad6-a3293d3424cc}]\nCapabilities {acceptInsecureCerts: false, browserName: chrome, browserVersion: 99.0.4844.82, chrome: {chromedriverVersion: 98.0.4758.102 (273bf7ac8c90..., userDataDir: C:\\Users\\royab\\AppData\\Loca...}, goog:chromeOptions: {debuggerAddress: localhost:60882}, javascriptEnabled: true, networkConnectionEnabled: false, pageLoadStrategy: normal, platform: WINDOWS, platformName: WINDOWS, proxy: Proxy(), se:cdp: ws://localhost:60882/devtoo..., se:cdpVersion: 99.0.4844.82, setWindowRect: true, strictFileInteractability: false, timeouts: {implicit: 0, pageLoad: 300000, script: 30000}, unhandledPromptBehavior: dismiss and notify, webauthn:extension:credBlob: true, webauthn:extension:largeBlob: true, webauthn:virtualAuthenticators: true}\nElement: [[ChromeDriver: chrome on WINDOWS (ae4f49e9f33d58517864efc81d198f0b)] -> xpath: //*[@id=\"wzrk-cancel\"]]\nSession ID: ae4f49e9f33d58517864efc81d198f0b\r\n\tat java.base/jdk.internal.reflect.NativeConstructorAccessorImpl.newInstance0(Native Method)\r\n\tat java.base/jdk.internal.reflect.NativeConstructorAccessorImpl.newInstance(NativeConstructorAccessorImpl.java:62)\r\n\tat java.base/jdk.internal.reflect.DelegatingConstructorAccessorImpl.newInstance(DelegatingConstructorAccessorImpl.java:45)\r\n\tat java.base/java.lang.reflect.Constructor.newInstance(Constructor.java:490)\r\n\tat org.openqa.selenium.remote.codec.w3c.W3CHttpResponseCodec.createException(W3CHttpResponseCodec.java:200)\r\n\tat org.openqa.selenium.remote.codec.w3c.W3CHttpResponseCodec.decode(W3CHttpResponseCodec.java:133)\r\n\tat org.openqa.selenium.remote.codec.w3c.W3CHttpResponseCodec.decode(W3CHttpResponseCodec.java:53)\r\n\tat org.openqa.selenium.remote.HttpCommandExecutor.execute(HttpCommandExecutor.java:184)\r\n\tat org.openqa.selenium.remote.service.DriverCommandExecutor.invokeExecute(DriverCommandExecutor.java:167)\r\n\tat org.openqa.selenium.remote.service.DriverCommandExecutor.execute(DriverCommandExecutor.java:142)\r\n\tat org.openqa.selenium.remote.RemoteWebDriver.execute(RemoteWebDriver.java:558)\r\n\tat org.openqa.selenium.remote.RemoteWebElement.execute(RemoteWebElement.java:251)\r\n\tat org.openqa.selenium.remote.RemoteWebElement.click(RemoteWebElement.java:77)\r\n\tat com.stepdefinition.labtest.website_is_accessible(labtest.java:19)\r\n\tat ✽.Website is accessible(file:///C:/Users/royab/eclipse-workspace/Sprint_2/Features/BookTest.feature:30)\r\n","duration":5023919100,"status":"failed"},"line":30,"name":"Website is accessible","match":{"location":"com.stepdefinition.labtest.website_is_accessible()"},"keyword":"Given "},{"result":{"duration":999600,"status":"skipped"},"line":31,"name":"User can access Lab Test Page","match":{"location":"com.stepdefinition.labtest.user_can_access_lab_test_page()"},"keyword":"And "},{"result":{"status":"skipped"},"line":32,"name":"User is logged in","match":{"location":"com.stepdefinition.labtest.user_is_logged_in()"},"keyword":"And "},{"result":{"status":"skipped"},"line":33,"name":"User clicks Add to cart","match":{"location":"com.stepdefinition.labtest.user_clicks_add_to_cart()"},"keyword":"When "},{"result":{"status":"skipped"},"line":34,"name":"Test is added to cart","match":{"location":"com.stepdefinition.labtest.test_is_added_to_cart()"},"keyword":"Then "}],"tags":[{"name":"@tag"},{"name":"@tag2"}]},{"start_timestamp":"2022-03-23T05:24:35.745Z","line":37,"name":"Validate addition of recommended test to cart","description":"","id":"book-test;validate-addition-of-recommended-test-to-cart","type":"scenario","keyword":"Scenario","steps":[{"result":{"duration":6984356000,"status":"passed"},"line":38,"name":"Website is accessible","match":{"location":"com.stepdefinition.labtest.website_is_accessible()"},"keyword":"Given "},{"result":{"duration":70810200,"status":"passed"},"line":39,"name":"User can access Lab Test Page","match":{"location":"com.stepdefinition.labtest.user_can_access_lab_test_page()"},"keyword":"And "},{"result":{"duration":26345630300,"status":"passed"},"line":40,"name":"User is logged in","match":{"location":"com.stepdefinition.labtest.user_is_logged_in()"},"keyword":"And "},{"result":{"error_message":"org.openqa.selenium.NoSuchElementException: no such element: Unable to locate element: {\"method\":\"xpath\",\"selector\":\"//*[@id=\"mainContainerCT\"]/div[3]/div[1]/p\"}\n  (Session info: chrome=99.0.4844.82)\nFor documentation on this error, please visit: https://selenium.dev/exceptions/#no_such_element\nBuild info: version: '4.1.2', revision: '9a5a329c5a'\nSystem info: host: 'DESKTOP-G2E4LVH', ip: '192.168.29.59', os.name: 'Windows 10', os.arch: 'amd64', os.version: '10.0', java.version: '11.0.13'\nDriver info: org.openqa.selenium.chrome.ChromeDriver\nCommand: [2294a1a7335b6f268a528eb151ea0f84, findElement {using=xpath, value=//*[@id=\"mainContainerCT\"]/div[3]/div[1]/p}]\nCapabilities {acceptInsecureCerts: false, browserName: chrome, browserVersion: 99.0.4844.82, chrome: {chromedriverVersion: 98.0.4758.102 (273bf7ac8c90..., userDataDir: C:\\Users\\royab\\AppData\\Loca...}, goog:chromeOptions: {debuggerAddress: localhost:60946}, javascriptEnabled: true, networkConnectionEnabled: false, pageLoadStrategy: normal, platform: WINDOWS, platformName: WINDOWS, proxy: Proxy(), se:cdp: ws://localhost:60946/devtoo..., se:cdpVersion: 99.0.4844.82, setWindowRect: true, strictFileInteractability: false, timeouts: {implicit: 0, pageLoad: 300000, script: 30000}, unhandledPromptBehavior: dismiss and notify, webauthn:extension:credBlob: true, webauthn:extension:largeBlob: true, webauthn:virtualAuthenticators: true}\nSession ID: 2294a1a7335b6f268a528eb151ea0f84\r\n\tat java.base/jdk.internal.reflect.NativeConstructorAccessorImpl.newInstance0(Native Method)\r\n\tat java.base/jdk.internal.reflect.NativeConstructorAccessorImpl.newInstance(NativeConstructorAccessorImpl.java:62)\r\n\tat java.base/jdk.internal.reflect.DelegatingConstructorAccessorImpl.newInstance(DelegatingConstructorAccessorImpl.java:45)\r\n\tat java.base/java.lang.reflect.Constructor.newInstance(Constructor.java:490)\r\n\tat org.openqa.selenium.remote.codec.w3c.W3CHttpResponseCodec.createException(W3CHttpResponseCodec.java:200)\r\n\tat org.openqa.selenium.remote.codec.w3c.W3CHttpResponseCodec.decode(W3CHttpResponseCodec.java:133)\r\n\tat org.openqa.selenium.remote.codec.w3c.W3CHttpResponseCodec.decode(W3CHttpResponseCodec.java:53)\r\n\tat org.openqa.selenium.remote.HttpCommandExecutor.execute(HttpCommandExecutor.java:184)\r\n\tat org.openqa.selenium.remote.service.DriverCommandExecutor.invokeExecute(DriverCommandExecutor.java:167)\r\n\tat org.openqa.selenium.remote.service.DriverCommandExecutor.execute(DriverCommandExecutor.java:142)\r\n\tat org.openqa.selenium.remote.RemoteWebDriver.execute(RemoteWebDriver.java:558)\r\n\tat org.openqa.selenium.remote.ElementLocation$ElementFinder$2.findElement(ElementLocation.java:162)\r\n\tat org.openqa.selenium.remote.ElementLocation.findElement(ElementLocation.java:60)\r\n\tat org.openqa.selenium.remote.RemoteWebDriver.findElement(RemoteWebDriver.java:382)\r\n\tat org.openqa.selenium.remote.RemoteWebDriver.findElement(RemoteWebDriver.java:374)\r\n\tat com.stepdefinition.labtest.user_clicks_on_add_to_cart(labtest.java:94)\r\n\tat ✽.User clicks on Add to cart(file:///C:/Users/royab/eclipse-workspace/Sprint_2/Features/BookTest.feature:41)\r\n","duration":91721900,"status":"failed"},"line":41,"name":"User clicks on Add to cart","match":{"location":"com.stepdefinition.labtest.user_clicks_on_add_to_cart()"},"keyword":"When "},{"result":{"status":"skipped"},"line":42,"name":"User clicks on View Details","match":{"location":"com.stepdefinition.labtest.user_clicks_on_view_details()"},"keyword":"And "},{"result":{"status":"skipped"},"line":43,"name":"User can add recommended test to cart","match":{"location":"com.stepdefinition.labtest.user_can_add_recommended_test_to_cart()"},"keyword":"Then "}],"tags":[{"name":"@tag"},{"name":"@tag3"}]},{"start_timestamp":"2022-03-23T05:25:09.267Z","line":46,"name":"Validate removal of test from cart","description":"","id":"book-test;validate-removal-of-test-from-cart","type":"scenario","keyword":"Scenario","steps":[{"result":{"duration":8235080400,"status":"passed"},"line":47,"name":"Website is accessible","match":{"location":"com.stepdefinition.labtest.website_is_accessible()"},"keyword":"Given "},{"result":{"duration":68817900,"status":"passed"},"line":48,"name":"User can access Lab Test Page","match":{"location":"com.stepdefinition.labtest.user_can_access_lab_test_page()"},"keyword":"And "},{"result":{"duration":26594200000,"status":"passed"},"line":49,"name":"User is logged in","match":{"location":"com.stepdefinition.labtest.user_is_logged_in()"},"keyword":"And "},{"result":{"error_message":"org.openqa.selenium.WebDriverException: chrome not reachable\n  (Session info: chrome=99.0.4844.82)\nBuild info: version: '4.1.2', revision: '9a5a329c5a'\nSystem info: host: 'DESKTOP-G2E4LVH', ip: '192.168.29.59', os.name: 'Windows 10', os.arch: 'amd64', os.version: '10.0', java.version: '11.0.13'\nDriver info: org.openqa.selenium.chrome.ChromeDriver\nCommand: [cb20f201067f92e4036ff59222cd2e5b, findElement {using=xpath, value=//*[@id=\"mainContainerCT\"]/div[2]/div[2]/div/div[2]/ul[1]/li[1]/div[2]/div[2]/button/span[1]}]\nCapabilities {acceptInsecureCerts: false, browserName: chrome, browserVersion: 99.0.4844.82, chrome: {chromedriverVersion: 98.0.4758.102 (273bf7ac8c90..., userDataDir: C:\\Users\\royab\\AppData\\Loca...}, goog:chromeOptions: {debuggerAddress: localhost:61025}, javascriptEnabled: true, networkConnectionEnabled: false, pageLoadStrategy: normal, platform: WINDOWS, platformName: WINDOWS, proxy: Proxy(), se:cdp: ws://localhost:61025/devtoo..., se:cdpVersion: 99.0.4844.82, setWindowRect: true, strictFileInteractability: false, timeouts: {implicit: 0, pageLoad: 300000, script: 30000}, unhandledPromptBehavior: dismiss and notify, webauthn:extension:credBlob: true, webauthn:extension:largeBlob: true, webauthn:virtualAuthenticators: true}\nSession ID: cb20f201067f92e4036ff59222cd2e5b\r\n\tat java.base/jdk.internal.reflect.NativeConstructorAccessorImpl.newInstance0(Native Method)\r\n\tat java.base/jdk.internal.reflect.NativeConstructorAccessorImpl.newInstance(NativeConstructorAccessorImpl.java:62)\r\n\tat java.base/jdk.internal.reflect.DelegatingConstructorAccessorImpl.newInstance(DelegatingConstructorAccessorImpl.java:45)\r\n\tat java.base/java.lang.reflect.Constructor.newInstance(Constructor.java:490)\r\n\tat org.openqa.selenium.remote.codec.w3c.W3CHttpResponseCodec.createException(W3CHttpResponseCodec.java:200)\r\n\tat org.openqa.selenium.remote.codec.w3c.W3CHttpResponseCodec.decode(W3CHttpResponseCodec.java:133)\r\n\tat org.openqa.selenium.remote.codec.w3c.W3CHttpResponseCodec.decode(W3CHttpResponseCodec.java:53)\r\n\tat org.openqa.selenium.remote.HttpCommandExecutor.execute(HttpCommandExecutor.java:184)\r\n\tat org.openqa.selenium.remote.service.DriverCommandExecutor.invokeExecute(DriverCommandExecutor.java:167)\r\n\tat org.openqa.selenium.remote.service.DriverCommandExecutor.execute(DriverCommandExecutor.java:142)\r\n\tat org.openqa.selenium.remote.RemoteWebDriver.execute(RemoteWebDriver.java:558)\r\n\tat org.openqa.selenium.remote.ElementLocation$ElementFinder$2.findElement(ElementLocation.java:162)\r\n\tat org.openqa.selenium.remote.ElementLocation.findElement(ElementLocation.java:60)\r\n\tat org.openqa.selenium.remote.RemoteWebDriver.findElement(RemoteWebDriver.java:382)\r\n\tat org.openqa.selenium.remote.RemoteWebDriver.findElement(RemoteWebDriver.java:374)\r\n\tat com.stepdefinition.labtest.user_clicks_on_remove_test(labtest.java:81)\r\n\tat ✽.User clicks on remove test(file:///C:/Users/royab/eclipse-workspace/Sprint_2/Features/BookTest.feature:50)\r\n","duration":12166318500,"status":"failed"},"line":50,"name":"User clicks on remove test","match":{"location":"com.stepdefinition.labtest.user_clicks_on_remove_test()"},"keyword":"When "},{"result":{"status":"skipped"},"line":51,"name":"Test is removed from cart","match":{"location":"com.stepdefinition.labtest.test_is_removed_from_cart()"},"keyword":"Then "}],"tags":[{"name":"@tag"},{"name":"@tag4"}]}],"name":"Book Test","description":"","id":"book-test","keyword":"Feature","uri":"file:Features/BookTest.feature","tags":[{"name":"@tag","type":"Tag","location":{"line":19,"column":1}}]}]